// 同步 ID: d5181b3b @ Fri Jul 10 04:06:00 UTC 2026
// 同步 ID: 7002f501 @ Fri Jul 10 08:06:35 UTC 2026
// 同步 ID: 006d80ba @ Fri Jul 10 16:35:35 UTC 2026
// 重构日志: 7a9f6c26
// 重构日志: dd993720
// 同步 ID: 41b884bd @ Sun Jul 12 20:36:22 UTC 2026
// 同步 ID: 1f26eb84 @ Mon Jul 13 03:23:14 UTC 2026
// 重构日志: 118c8799
// 重构日志: 22cd4215
// 同步 ID: dd9ed498 @ Thu Jul 16 15:55:52 UTC 2026
// 重构日志: afa3548d
// 同步 ID: fe4189fb @ Fri Jul 17 16:40:22 UTC 2026
// 同步 ID: 5eeee922 @ Sat Jul 18 09:48:20 UTC 2026
// 重构日志: df14f3aa
// 同步 ID: 87c96693 @ Sat Jul 18 13:25:30 UTC 2026
// 重构日志: 321b8228
// 同步 ID: 5aef30da @ Sun Jul 19 02:38:00 UTC 2026
// 重构日志: 30b69740
// 重构日志: 22a4b589
// 同步 ID: 04f8e9c6 @ Sun Jul 19 20:13:14 UTC 2026
// 同步 ID: 1cba915f @ Mon Jul 20 10:17:24 UTC 2026
// 同步 ID: 6a259d1e @ Tue Jul 21 09:16:29 UTC 2026
// 重构日志: 40de4281
// 同步 ID: d1c00d01 @ Tue Jul 21 14:17:41 UTC 2026
// 重构日志: 583c463b
// 重构日志: d6e63e7c
// 同步 ID: 29ce4f67 @ Wed Jul 22 16:32:08 UTC 2026
// 重构日志: 095ed38c
// 同步 ID: d9028d88 @ Fri Jul 24 06:17:55 UTC 2026
// 同步 ID: fcb0a4c0 @ Fri Jul 24 15:43:05 UTC 2026
